#
# There is insufficient memory for the Java Runtime Environment to continue.
# Native memory allocation (malloc) failed to allocate 1703696 bytes for Chunk::new
# Possible reasons:
#   The system is out of physical RAM or swap space
#   The process is running with CompressedOops enabled, and the Java Heap may be blocking the growth of the native heap
# Possible solutions:
#   Reduce memory load on the system
#   Increase physical memory or swap space
#   Check if swap backing store is full
#   Decrease Java heap size (-Xmx/-Xms)
#   Decrease number of Java threads
#   Decrease Java thread stack sizes (-Xss)
#   Set larger code cache with -XX:ReservedCodeCacheSize=
#   JVM is running with Unscaled Compressed Oops mode in which the Java heap is
#     placed in the first 4GB address space. The Java Heap base address is the
#     maximum limit for the native heap growth. Please use -XX:HeapBaseMinAddress
#     to set the Java Heap base and to place the Java Heap above 4GB virtual address.
# This output file may be truncated or incomplete.
#
#  Out of Memory Error (allocation.cpp:389), pid=12244, tid=0x0000000000000e04
#
# JRE version: OpenJDK Runtime Environment (8.0_242-b01) (build 1.8.0_242-release-1644-b01)
# Java VM: OpenJDK 64-Bit Server VM (25.242-b01 mixed mode windows-amd64 compressed oops)
# Failed to write core dump. Minidumps are not enabled by default on client versions of Windows
#

---------------  T H R E A D  ---------------

Current thread (0x000000001745d000):  JavaThread "C2 CompilerThread1" daemon [_thread_in_native, id=3588, stack(0x0000000018ba0000,0x0000000018ca0000)]

Stack: [0x0000000018ba0000,0x0000000018ca0000]
[error occurred during error reporting (printing stack bounds), id 0xc0000005]

Native frames: (J=compiled Java code, j=interpreted, Vv=VM code, C=native code)


Current CompileTask:
C2: 839076 12999       4       org.objectweb.asm.ClassReader::accept (1250 bytes)


---------------  P R O C E S S  ---------------

Java Threads: ( => current thread )
  0x000000001a1b9800 JavaThread "Memory manager" [_thread_in_Java, id=13004, stack(0x000000001cdc0000,0x000000001cec0000)]
  0x000000001a1c0800 JavaThread "Cache worker for execution history cache (C:\Users\garci\OneDrive\Documents\GitHub\TinderCloneWithML\AISparkdevSpring2021\.gradle\6.5\executionHistory)" [_thread_blocked, id=20992, stack(0x00000000242a0000,0x00000000243a0000)]
  0x000000001dba3000 JavaThread "Build operations Thread 4" [_thread_blocked, id=20224, stack(0x00000000222c0000,0x00000000223c0000)]
  0x000000001dba2800 JavaThread "Build operations Thread 3" [_thread_blocked, id=23840, stack(0x00000000221c0000,0x00000000222c0000)]
  0x000000001dba4800 JavaThread "Build operations Thread 2" [_thread_blocked, id=2732, stack(0x0000000021fc0000,0x00000000220c0000)]
  0x000000001dba0000 JavaThread "Build operations" [_thread_blocked, id=13012, stack(0x0000000021ec0000,0x0000000021fc0000)]
  0x000000001dba1800 JavaThread "Cache worker for Build Output Cleanup Cache (C:\Users\garci\OneDrive\Documents\GitHub\TinderCloneWithML\AISparkdevSpring2021\.gradle\buildOutputCleanup)" [_thread_blocked, id=252, stack(0x0000000020bc0000,0x0000000020cc0000)]
  0x000000001db98800 JavaThread "Cache worker for file content cache (C:\Users\garci\.gradle\caches\6.5\fileContent)" [_thread_blocked, id=4336, stack(0x0000000021bc0000,0x0000000021cc0000)]
  0x000000001db99000 JavaThread "Cache worker for execution history cache (C:\Users\garci\.gradle\caches\6.5\executionHistory)" [_thread_blocked, id=9100, stack(0x00000000218c0000,0x00000000219c0000)]
  0x000000001a1c7000 JavaThread "Cache worker for cache directory md-rule (C:\Users\garci\.gradle\caches\6.5\md-rule)" [_thread_blocked, id=7632, stack(0x0000000000ac0000,0x0000000000bc0000)]
  0x000000001a1c6800 JavaThread "Cache worker for cache directory md-supplier (C:\Users\garci\.gradle\caches\6.5\md-supplier)" [_thread_blocked, id=20188, stack(0x00000000217c0000,0x00000000218c0000)]
  0x000000001a1c5800 JavaThread "Cache worker for checksums cache (C:\Users\garci\OneDrive\Documents\GitHub\TinderCloneWithML\AISparkdevSpring2021\.gradle\checksums)" [_thread_blocked, id=17264, stack(0x00000000216c0000,0x00000000217c0000)]
  0x000000001a07b000 JavaThread "Cache worker for file hash cache (C:\Users\garci\OneDrive\Documents\GitHub\TinderCloneWithML\AISparkdevSpring2021\.gradle\6.5\fileHashes)" [_thread_blocked, id=6016, stack(0x000000001f860000,0x000000001f960000)]
  0x000000001a080000 JavaThread "Cache worker for file hash cache (C:\Users\garci\.gradle\caches\6.5\fileHashes)" [_thread_blocked, id=22344, stack(0x000000001f360000,0x000000001f460000)]
  0x000000001a07f800 JavaThread "File lock request listener" [_thread_in_native, id=7604, stack(0x000000001f260000,0x000000001f360000)]
  0x000000001d7f3800 JavaThread "Cache worker for journal cache (C:\Users\garci\.gradle\caches\journal-1)" [_thread_blocked, id=19040, stack(0x000000001f160000,0x000000001f260000)]
  0x0000000019637000 JavaThread "Thread-9" [_thread_blocked, id=3892, stack(0x000000001cec0000,0x000000001cfc0000)]
  0x000000001a655800 JavaThread "Asynchronous log dispatcher for DefaultDaemonConnection: socket connection from /127.0.0.1:59647 to /127.0.0.1:59651" [_thread_blocked, id=7768, stack(0x000000001ccc0000,0x000000001cdc0000)]
  0x000000001a143800 JavaThread "Daemon worker" [_thread_in_Java, id=22116, stack(0x000000001cbc0000,0x000000001ccc0000)]
  0x000000001a143000 JavaThread "Cancel handler" [_thread_blocked, id=408, stack(0x000000001cac0000,0x000000001cbc0000)]
  0x0000000019a61800 JavaThread "Handler for socket connection from /127.0.0.1:59647 to /127.0.0.1:59651" [_thread_in_native, id=16680, stack(0x000000001c9c0000,0x000000001cac0000)]
  0x0000000019b2b000 JavaThread "Daemon" [_thread_blocked, id=19156, stack(0x000000001c8c0000,0x000000001c9c0000)]
  0x0000000019002000 JavaThread "Daemon periodic checks" [_thread_blocked, id=9836, stack(0x000000001c5c0000,0x000000001c6c0000)]
  0x0000000019b1a000 JavaThread "Incoming local TCP Connector on port 59647" [_thread_in_native, id=18692, stack(0x000000001c380000,0x000000001c480000)]
  0x000000001acd4800 JavaThread "Daemon health stats" [_thread_blocked, id=18804, stack(0x000000001bd40000,0x000000001be40000)]
  0x00000000174a4000 JavaThread "Service Thread" daemon [_thread_blocked, id=19952, stack(0x0000000018da0000,0x0000000018ea0000)]
  0x0000000017462000 JavaThread "C1 CompilerThread2" daemon [_thread_in_native, id=10200, stack(0x0000000018ca0000,0x0000000018da0000)]
=>0x000000001745d000 JavaThread "C2 CompilerThread1" daemon [_thread_in_native, id=3588, stack(0x0000000018ba0000,0x0000000018ca0000)]
  0x000000001745a000 JavaThread "C2 CompilerThread0" daemon [_thread_in_native, id=14944, stack(0x0000000018aa0000,0x0000000018ba0000)]
  0x0000000017454800 JavaThread "Attach Listener" daemon [_thread_blocked, id=3792, stack(0x00000000189a0000,0x0000000018aa0000)]
  0x0000000017451000 JavaThread "Signal Dispatcher" daemon [_thread_blocked, id=12932, stack(0x00000000188a0000,0x00000000189a0000)]
  0x000000000282b000 JavaThread "Finalizer" daemon [_thread_blocked, id=16780, stack(0x00000000186a0000,0x00000000187a0000)]
  0x0000000017439000 JavaThread "Reference Handler" daemon [_thread_blocked, id=21180, stack(0x00000000185a0000,0x00000000186a0000)]
  0x00000000025ce000 JavaThread "main" [_thread_blocked, id=15780, stack(0x0000000002630000,0x0000000002730000)]

Other Threads:
  0x0000000017416000 VMThread [stack: 0x00000000184a0000,0x00000000185a0000] [id=8076]
  0x0000000018ea8800 WatcherThread [stack: 0x00000000192a0000,0x00000000193a0000] [id=23388]

VM state:not at safepoint (normal execution)

VM Mutex/Monitor currently owned by a thread: None

heap address: 0x0000000080000000, size: 2048 MB, Compressed Oops mode: 32-bit
Narrow klass base: 0x0000000000000000, Narrow klass shift: 3
Compressed class space size: 1073741824 Address: 0x0000000100000000

Heap:
 PSYoungGen      total 577024K, used 405633K [0x00000000d5580000, 0x0000000100000000, 0x0000000100000000)
  eden space 553984K, 72% used [0x00000000d5580000,0x00000000edf95590,0x00000000f7280000)
  from space 23040K, 9% used [0x00000000f7280000,0x00000000f748b1c0,0x00000000f8900000)
  to   space 23552K, 0% used [0x00000000fe900000,0x00000000fe900000,0x0000000100000000)
 ParOldGen       total 71168K, used 70994K [0x0000000080000000, 0x0000000084580000, 0x00000000d5580000)
  object space 71168K, 99% used [0x0000000080000000,0x0000000084554b58,0x0000000084580000)
 Metaspace       used 81417K, capacity 85048K, committed 85632K, reserved 1124352K
  class space    used 10768K, capacity 11505K, committed 11648K, reserved 1048576K

Card table byte_map: [0x0000000011bf0000,0x0000000012000000] byte_map_base: 0x00000000117f0000

Marking Bits: (ParMarkBitMap*) 0x00000000619ff030
 Begin Bits: [0x00000000126b0000, 0x00000000146b0000)
 End Bits:   [0x00000000146b0000, 0x00000000166b0000)

Polling page: 0x0000000000990000

CodeCache: size=245760Kb used=35385Kb max_used=35385Kb free=210374Kb
 bounds [0x0000000002830000, 0x0000000004af0000, 0x0000000011830000]
 total_blobs=11306 nmethods=10434 adapters=782
 compilation: enabled

Compilation events (10 events):
Event: 838.892 Thread 0x0000000017462000 13035       3       com.android.builder.testing.MockableJarGenerator::fixMethodBody (357 bytes)
Event: 838.897 Thread 0x0000000017462000 nmethod 13035 0x0000000004ada1d0 code [0x0000000004ada5c0, 0x0000000004adc358]
Event: 838.915 Thread 0x0000000017462000 13037       3       org.objectweb.asm.Frame::pop (44 bytes)
Event: 838.915 Thread 0x0000000017462000 nmethod 13037 0x0000000004a88f10 code [0x0000000004a89060, 0x0000000004a89230]
Event: 838.916 Thread 0x0000000017462000 13038       3       org.objectweb.asm.Frame::pop (42 bytes)
Event: 838.916 Thread 0x0000000017462000 nmethod 13038 0x0000000004add3d0 code [0x0000000004add540, 0x0000000004add730]
Event: 838.996 Thread 0x0000000017462000 13039       1       com.sun.jmx.mbeanserver.MXBeanSupport::getCookie (5 bytes)
Event: 838.997 Thread 0x0000000017462000 nmethod 13039 0x0000000003928390 code [0x00000000039284e0, 0x00000000039285f0]
Event: 838.997 Thread 0x0000000017462000 13040       3       com.sun.jmx.mbeanserver.MXBeanLookup::setLookup (8 bytes)
Event: 839.001 Thread 0x0000000017462000 nmethod 13040 0x0000000004add810 code [0x0000000004add9c0, 0x0000000004addf78]

GC Heap History (10 events):
Event: 408.955 GC heap before
{Heap before GC invocations=23 (full 2):
 PSYoungGen      total 434688K, used 15378K [0x00000000d5580000, 0x00000000f0e00000, 0x0000000100000000)
  eden space 423936K, 1% used [0x00000000d5580000,0x00000000d5c6b478,0x00000000ef380000)
  from space 10752K, 77% used [0x00000000eff00000,0x00000000f07194d8,0x00000000f0980000)
  to   space 11776K, 0% used [0x00000000ef380000,0x00000000ef380000,0x00000000eff00000)
 ParOldGen       total 54272K, used 35743K [0x0000000080000000, 0x0000000083500000, 0x00000000d5580000)
  object space 54272K, 65% used [0x0000000080000000,0x00000000822e7e08,0x0000000083500000)
 Metaspace       used 56576K, capacity 58848K, committed 59008K, reserved 1099776K
  class space    used 7286K, capacity 7743K, committed 7808K, reserved 1048576K
Event: 409.516 GC heap after
Heap after GC invocations=23 (full 2):
 PSYoungGen      total 435712K, used 192K [0x00000000d5580000, 0x00000000f9480000, 0x0000000100000000)
  eden space 423936K, 0% used [0x00000000d5580000,0x00000000d5580000,0x00000000ef380000)
  from space 11776K, 1% used [0x00000000ef380000,0x00000000ef3b0000,0x00000000eff00000)
  to   space 11776K, 0% used [0x00000000f8900000,0x00000000f8900000,0x00000000f9480000)
 ParOldGen       total 54272K, used 38392K [0x0000000080000000, 0x0000000083500000, 0x00000000d5580000)
  object space 54272K, 70% used [0x0000000080000000,0x000000008257e200,0x0000000083500000)
 Metaspace       used 56576K, capacity 58848K, committed 59008K, reserved 1099776K
  class space    used 7286K, capacity 7743K, committed 7808K, reserved 1048576K
}
Event: 409.516 GC heap before
{Heap before GC invocations=24 (full 3):
 PSYoungGen      total 435712K, used 192K [0x00000000d5580000, 0x00000000f9480000, 0x0000000100000000)
  eden space 423936K, 0% used [0x00000000d5580000,0x00000000d5580000,0x00000000ef380000)
  from space 11776K, 1% used [0x00000000ef380000,0x00000000ef3b0000,0x00000000eff00000)
  to   space 11776K, 0% used [0x00000000f8900000,0x00000000f8900000,0x00000000f9480000)
 ParOldGen       total 54272K, used 38392K [0x0000000080000000, 0x0000000083500000, 0x00000000d5580000)
  object space 54272K, 70% used [0x0000000080000000,0x000000008257e200,0x0000000083500000)
 Metaspace       used 56576K, capacity 58848K, committed 59008K, reserved 1099776K
  class space    used 7286K, capacity 7743K, committed 7808K, reserved 1048576K
Event: 417.519 GC heap after
Heap after GC invocations=24 (full 3):
 PSYoungGen      total 435712K, used 0K [0x00000000d5580000, 0x00000000f9480000, 0x0000000100000000)
  eden space 423936K, 0% used [0x00000000d5580000,0x00000000d5580000,0x00000000ef380000)
  from space 11776K, 0% used [0x00000000ef380000,0x00000000ef380000,0x00000000eff00000)
  to   space 11776K, 0% used [0x00000000f8900000,0x00000000f8900000,0x00000000f9480000)
 ParOldGen       total 71168K, used 26207K [0x0000000080000000, 0x0000000084580000, 0x00000000d5580000)
  object space 71168K, 36% used [0x0000000080000000,0x0000000081997d78,0x0000000084580000)
 Metaspace       used 56465K, capacity 58630K, committed 59008K, reserved 1099776K
  class space    used 7253K, capacity 7701K, committed 7808K, reserved 1048576K
}
Event: 567.592 GC heap before
{Heap before GC invocations=25 (full 3):
 PSYoungGen      total 435712K, used 423936K [0x00000000d5580000, 0x00000000f9480000, 0x0000000100000000)
  eden space 423936K, 100% used [0x00000000d5580000,0x00000000ef380000,0x00000000ef380000)
  from space 11776K, 0% used [0x00000000ef380000,0x00000000ef380000,0x00000000eff00000)
  to   space 11776K, 0% used [0x00000000f8900000,0x00000000f8900000,0x00000000f9480000)
 ParOldGen       total 71168K, used 26207K [0x0000000080000000, 0x0000000084580000, 0x00000000d5580000)
  object space 71168K, 36% used [0x0000000080000000,0x0000000081997d78,0x0000000084580000)
 Metaspace       used 77483K, capacity 80686K, committed 81024K, reserved 1120256K
  class space    used 10378K, capacity 11049K, committed 11136K, reserved 1048576K
Event: 584.298 GC heap after
Heap after GC invocations=25 (full 3):
 PSYoungGen      total 565760K, used 11776K [0x00000000d5580000, 0x00000000fa700000, 0x0000000100000000)
  eden space 553984K, 0% used [0x00000000d5580000,0x00000000d5580000,0x00000000f7280000)
  from space 11776K, 100% used [0x00000000f8900000,0x00000000f9480000,0x00000000f9480000)
  to   space 23040K, 0% used [0x00000000f7280000,0x00000000f7280000,0x00000000f8900000)
 ParOldGen       total 71168K, used 51578K [0x0000000080000000, 0x0000000084580000, 0x00000000d5580000)
  object space 71168K, 72% used [0x0000000080000000,0x000000008325e868,0x0000000084580000)
 Metaspace       used 77483K, capacity 80686K, committed 81024K, reserved 1120256K
  class space    used 10378K, capacity 11049K, committed 11136K, reserved 1048576K
}
Event: 715.579 GC heap before
{Heap before GC invocations=26 (full 3):
 PSYoungGen      total 565760K, used 565760K [0x00000000d5580000, 0x00000000fa700000, 0x0000000100000000)
  eden space 553984K, 100% used [0x00000000d5580000,0x00000000f7280000,0x00000000f7280000)
  from space 11776K, 100% used [0x00000000f8900000,0x00000000f9480000,0x00000000f9480000)
  to   space 23040K, 0% used [0x00000000f7280000,0x00000000f7280000,0x00000000f8900000)
 ParOldGen       total 71168K, used 51578K [0x0000000080000000, 0x0000000084580000, 0x00000000d5580000)
  object space 71168K, 72% used [0x0000000080000000,0x000000008325e868,0x0000000084580000)
 Metaspace       used 80438K, capacity 84546K, committed 84864K, reserved 1122304K
  class space    used 10743K, capacity 11540K, committed 11648K, reserved 1048576K
Event: 721.395 GC heap after
Heap after GC invocations=26 (full 3):
 PSYoungGen      total 577024K, used 12415K [0x00000000d5580000, 0x0000000100000000, 0x0000000100000000)
  eden space 553984K, 0% used [0x00000000d5580000,0x00000000d5580000,0x00000000f7280000)
  from space 23040K, 53% used [0x00000000f7280000,0x00000000f7e9fc70,0x00000000f8900000)
  to   space 23552K, 0% used [0x00000000fe900000,0x00000000fe900000,0x0000000100000000)
 ParOldGen       total 71168K, used 63398K [0x0000000080000000, 0x0000000084580000, 0x00000000d5580000)
  object space 71168K, 89% used [0x0000000080000000,0x0000000083de9be8,0x0000000084580000)
 Metaspace       used 80438K, capacity 84546K, committed 84864K, reserved 1122304K
  class space    used 10743K, capacity 11540K, committed 11648K, reserved 1048576K
}
Event: 721.405 GC heap before
{Heap before GC invocations=27 (full 4):
 PSYoungGen      total 577024K, used 12415K [0x00000000d5580000, 0x0000000100000000, 0x0000000100000000)
  eden space 553984K, 0% used [0x00000000d5580000,0x00000000d5580000,0x00000000f7280000)
  from space 23040K, 53% used [0x00000000f7280000,0x00000000f7e9fc70,0x00000000f8900000)
  to   space 23552K, 0% used [0x00000000fe900000,0x00000000fe900000,0x0000000100000000)
 ParOldGen       total 71168K, used 63398K [0x0000000080000000, 0x0000000084580000, 0x00000000d5580000)
  object space 71168K, 89% used [0x0000000080000000,0x0000000083de9be8,0x0000000084580000)
 Metaspace       used 80438K, capacity 84546K, committed 84864K, reserved 1122304K
  class space    used 10743K, capacity 11540K, committed 11648K, reserved 1048576K
Event: 759.236 GC heap after
Heap after GC invocations=27 (full 4):
 PSYoungGen      total 577024K, used 2092K [0x00000000d5580000, 0x0000000100000000, 0x0000000100000000)
  eden space 553984K, 0% used [0x00000000d5580000,0x00000000d5580000,0x00000000f7280000)
  from space 23040K, 9% used [0x00000000f7280000,0x00000000f748b1c0,0x00000000f8900000)
  to   space 23552K, 0% used [0x00000000fe900000,0x00000000fe900000,0x0000000100000000)
 ParOldGen       total 71168K, used 70994K [0x0000000080000000, 0x0000000084580000, 0x00000000d5580000)
  object space 71168K, 99% used [0x0000000080000000,0x0000000084554b58,0x0000000084580000)
 Metaspace       used 80161K, capacity 83720K, committed 84864K, reserved 1122304K
  class space    used 10653K, capacity 11355K, committed 11648K, reserved 1048576K
}

Deoptimization events (10 events):
Event: 837.256 Thread 0x000000001a143800 Uncommon trap: reason=class_check action=maybe_recompile pc=0x0000000002df0370 method=org.objectweb.asm.ClassReader.readElementValues(Lorg/objectweb/asm/AnnotationVisitor;IZ[C)I @ 82
Event: 837.259 Thread 0x000000001a143800 Uncommon trap: reason=class_check action=maybe_recompile pc=0x0000000002df0370 method=org.objectweb.asm.ClassReader.readElementValues(Lorg/objectweb/asm/AnnotationVisitor;IZ[C)I @ 82
Event: 837.259 Thread 0x000000001a143800 Uncommon trap: reason=class_check action=maybe_recompile pc=0x0000000002df0370 method=org.objectweb.asm.ClassReader.readElementValues(Lorg/objectweb/asm/AnnotationVisitor;IZ[C)I @ 82
Event: 837.259 Thread 0x000000001a143800 Uncommon trap: reason=class_check action=maybe_recompile pc=0x0000000002df0370 method=org.objectweb.asm.ClassReader.readElementValues(Lorg/objectweb/asm/AnnotationVisitor;IZ[C)I @ 82
Event: 837.296 Thread 0x000000001a143800 Uncommon trap: reason=unstable_if action=reinterpret pc=0x0000000004277d88 method=org.objectweb.asm.Type.getDescriptor()Ljava/lang/String; @ 6
Event: 837.304 Thread 0x000000001a143800 Uncommon trap: reason=class_check action=maybe_recompile pc=0x000000000488b574 method=org.objectweb.asm.ClassReader.accept(Lorg/objectweb/asm/ClassVisitor;[Lorg/objectweb/asm/Attribute;I)V @ 604
Event: 837.321 Thread 0x000000001a143800 Uncommon trap: reason=class_check action=maybe_recompile pc=0x000000000488b574 method=org.objectweb.asm.ClassReader.accept(Lorg/objectweb/asm/ClassVisitor;[Lorg/objectweb/asm/Attribute;I)V @ 604
Event: 837.727 Thread 0x000000001a143800 Uncommon trap: reason=class_check action=maybe_recompile pc=0x00000000045be9cc method=org.objectweb.asm.Label.accept(Lorg/objectweb/asm/MethodVisitor;Z)V @ 2
Event: 837.941 Thread 0x000000001a143800 Uncommon trap: reason=unstable_if action=reinterpret pc=0x0000000002ee0784 method=org.objectweb.asm.Type.getArgumentsAndReturnSizes(Ljava/lang/String;)I @ 25
Event: 838.217 Thread 0x000000001a143800 Uncommon trap: reason=unstable_if action=reinterpret pc=0x00000000047651b8 method=org.objectweb.asm.MethodWriter.visitIntInsn(II)V @ 44

Classes redefined (0 events):
No events

Internal exceptions (10 events):
Event: 795.519 Thread 0x000000001dba0000 Exception <a 'sun/nio/fs/WindowsException'> (0x00000000de5586a8) thrown at [C:\src\AOSP-openjdk-git\hotspot\src\share\vm\prims\jni.cpp, line 710]
Event: 796.233 Thread 0x000000001dba3000 Exception <a 'sun/nio/fs/WindowsException'> (0x00000000df8dc180) thrown at [C:\src\AOSP-openjdk-git\hotspot\src\share\vm\prims\jni.cpp, line 710]
Event: 796.900 Thread 0x000000001dba0000 Exception <a 'sun/nio/fs/WindowsException'> (0x00000000e0146728) thrown at [C:\src\AOSP-openjdk-git\hotspot\src\share\vm\prims\jni.cpp, line 710]
Event: 798.630 Thread 0x000000001dba3000 Exception <a 'sun/nio/fs/WindowsException'> (0x00000000e14f0d50) thrown at [C:\src\AOSP-openjdk-git\hotspot\src\share\vm\prims\jni.cpp, line 710]
Event: 799.494 Thread 0x000000001dba4800 Exception <a 'sun/nio/fs/WindowsException'> (0x00000000e1993e00) thrown at [C:\src\AOSP-openjdk-git\hotspot\src\share\vm\prims\jni.cpp, line 710]
Event: 802.280 Thread 0x000000001dba2800 Exception <a 'sun/nio/fs/WindowsException'> (0x00000000e21dd528) thrown at [C:\src\AOSP-openjdk-git\hotspot\src\share\vm\prims\jni.cpp, line 710]
Event: 805.435 Thread 0x000000001a143800 Exception <a 'java/lang/NoSuchMethodError': java.lang.Object.lambda$negate$1(Ljava/lang/Object;)Z> (0x00000000dc838dc8) thrown at [C:\src\AOSP-openjdk-git\hotspot\src\share\vm\interpreter\linkResolver.cpp, line 620]
Event: 807.524 Thread 0x000000001dba3000 Implicit null exception at 0x00000000032cfeac to 0x00000000032cff29
Event: 817.808 Thread 0x000000001dba4800 Exception <a 'sun/nio/fs/WindowsException'> (0x00000000e6616aa8) thrown at [C:\src\AOSP-openjdk-git\hotspot\src\share\vm\prims\jni.cpp, line 710]
Event: 827.002 Thread 0x000000001a143800 Exception <a 'java/lang/NoSuchMethodError': java.lang.Object.lambda$static$0(Lorg/gradle/internal/snapshot/SnapshotHierarchy$DiffCapturingUpdateFunction;Lorg/gradle/internal/snapshot/SnapshotHierarchy;)Lorg/gradle/internal/snapshot/SnapshotHierarchy;> (0x

Events (10 events):
Event: 837.941 Thread 0x000000001a143800 DEOPT UNPACKING pc=0x000000000287557b sp=0x000000001ccb74a0 mode 2
Event: 837.983 Thread 0x0000000017462000 flushing nmethod 0x0000000004451950
Event: 838.025 Thread 0x0000000017462000 flushing nmethod 0x000000000454a410
Event: 838.051 loading class org/objectweb/asm/Edge
Event: 838.051 loading class org/objectweb/asm/Edge done
Event: 838.097 Thread 0x0000000017462000 flushing nmethod 0x000000000476c710
Event: 838.187 Thread 0x000000001a143800 Uncommon trap: trap_request=0xffffff65 fr.pc=0x00000000047651b8
Event: 838.217 Thread 0x000000001a143800 DEOPT PACKING pc=0x00000000047651b8 sp=0x000000001ccb7480
Event: 838.229 Thread 0x000000001a143800 DEOPT UNPACKING pc=0x000000000287557b sp=0x000000001ccb7480 mode 2
Event: 838.235 Thread 0x0000000017462000 flushing nmethod 0x00000000048ce390


Dynamic libraries:
0x00007ff7de600000 - 0x00007ff7de631000 	C:\Users\garci\OneDrive\Desktop\Android\jre\bin\java.exe
0x00007ffa92e50000 - 0x00007ffa93046000 	C:\WINDOWS\SYSTEM32\ntdll.dll
0x00007ffa90f30000 - 0x00007ffa90fed000 	C:\WINDOWS\System32\KERNEL32.DLL
0x00007ffa90780000 - 0x00007ffa90a49000 	C:\WINDOWS\System32\KERNELBASE.dll
0x00007ffa8d7e0000 - 0x00007ffa8d870000 	C:\WINDOWS\SYSTEM32\apphelp.dll
0x00007ffa919d0000 - 0x00007ffa91a7c000 	C:\WINDOWS\System32\ADVAPI32.dll
0x00007ffa91ea0000 - 0x00007ffa91f3e000 	C:\WINDOWS\System32\msvcrt.dll
0x00007ffa921c0000 - 0x00007ffa9225c000 	C:\WINDOWS\System32\sechost.dll
0x00007ffa911f0000 - 0x00007ffa9131b000 	C:\WINDOWS\System32\RPCRT4.dll
0x00007ffa90ff0000 - 0x00007ffa91190000 	C:\WINDOWS\System32\USER32.dll
0x00007ffa90590000 - 0x00007ffa905b2000 	C:\WINDOWS\System32\win32u.dll
0x00007ffa92260000 - 0x00007ffa9228a000 	C:\WINDOWS\System32\GDI32.dll
0x00007ffa90d20000 - 0x00007ffa90e2b000 	C:\WINDOWS\System32\gdi32full.dll
0x00007ffa90a50000 - 0x00007ffa90aed000 	C:\WINDOWS\System32\msvcp_win.dll
0x00007ffa90c20000 - 0x00007ffa90d20000 	C:\WINDOWS\System32\ucrtbase.dll
0x00007ffa7ff00000 - 0x00007ffa8019b000 	C:\WINDOWS\WinSxS\amd64_microsoft.windows.common-controls_6595b64144ccf1df_6.0.19041.746_none_ca02b4b61b8320a4\COMCTL32.dll
0x00007ffa92120000 - 0x00007ffa92150000 	C:\WINDOWS\System32\IMM32.DLL
0x0000000061d90000 - 0x0000000061e62000 	C:\Users\garci\OneDrive\Desktop\Android\jre\jre\bin\msvcr100.dll
0x0000000061230000 - 0x0000000061a7b000 	C:\Users\garci\OneDrive\Desktop\Android\jre\jre\bin\server\jvm.dll
0x00007ffa91440000 - 0x00007ffa91448000 	C:\WINDOWS\System32\PSAPI.DLL
0x00007ffa7edf0000 - 0x00007ffa7ee17000 	C:\WINDOWS\SYSTEM32\WINMM.dll
0x00007ffa7bbe0000 - 0x00007ffa7bbe9000 	C:\WINDOWS\SYSTEM32\WSOCK32.dll
0x00007ffa82840000 - 0x00007ffa8284a000 	C:\WINDOWS\SYSTEM32\VERSION.dll
0x00007ffa92150000 - 0x00007ffa921bb000 	C:\WINDOWS\System32\WS2_32.dll
0x00007ffa7d250000 - 0x00007ffa7d25f000 	C:\Users\garci\OneDrive\Desktop\Android\jre\jre\bin\verify.dll
0x00007ffa7d220000 - 0x00007ffa7d249000 	C:\Users\garci\OneDrive\Desktop\Android\jre\jre\bin\java.dll
0x00007ffa7cd90000 - 0x00007ffa7cda6000 	C:\Users\garci\OneDrive\Desktop\Android\jre\jre\bin\zip.dll
0x00007ffa92510000 - 0x00007ffa92c52000 	C:\WINDOWS\System32\SHELL32.dll
0x00007ffa8e3f0000 - 0x00007ffa8eb80000 	C:\WINDOWS\SYSTEM32\windows.storage.dll
0x00007ffa91a80000 - 0x00007ffa91dd6000 	C:\WINDOWS\System32\combase.dll
0x00007ffa8ff20000 - 0x00007ffa8ff4c000 	C:\WINDOWS\SYSTEM32\Wldp.dll
0x00007ffa91450000 - 0x00007ffa914fe000 	C:\WINDOWS\System32\SHCORE.dll
0x00007ffa91500000 - 0x00007ffa91555000 	C:\WINDOWS\System32\shlwapi.dll
0x00007ffa904c0000 - 0x00007ffa904e6000 	C:\WINDOWS\SYSTEM32\profapi.dll
0x00007ffa7b8c0000 - 0x00007ffa7b8da000 	C:\Users\garci\OneDrive\Desktop\Android\jre\jre\bin\net.dll
0x00007ffa8fca0000 - 0x00007ffa8fd0a000 	C:\WINDOWS\system32\mswsock.dll
0x00007ffa7d0a0000 - 0x00007ffa7d0b3000 	C:\Users\garci\OneDrive\Desktop\Android\jre\jre\bin\nio.dll
0x00007ffa88870000 - 0x00007ffa88897000 	C:\Users\garci\.gradle\native\f6784746aeab05261644944871eae4fe03e0ef1612fff0a4a95f87b438bc6780\windows-amd64\native-platform.dll
0x00007ffa7d200000 - 0x00007ffa7d20d000 	C:\Users\garci\OneDrive\Desktop\Android\jre\jre\bin\management.dll
0x00007ffa8fe80000 - 0x00007ffa8fe98000 	C:\WINDOWS\SYSTEM32\CRYPTSP.dll
0x00007ffa8f640000 - 0x00007ffa8f674000 	C:\WINDOWS\system32\rsaenh.dll
0x00007ffa90e30000 - 0x00007ffa90e57000 	C:\WINDOWS\System32\bcrypt.dll
0x00007ffa90480000 - 0x00007ffa904ae000 	C:\WINDOWS\SYSTEM32\USERENV.dll
0x00007ffa90af0000 - 0x00007ffa90b70000 	C:\WINDOWS\System32\bcryptprimitives.dll
0x00007ffa8fe70000 - 0x00007ffa8fe7c000 	C:\WINDOWS\SYSTEM32\CRYPTBASE.dll
0x00007ffa8f990000 - 0x00007ffa8f9cb000 	C:\WINDOWS\SYSTEM32\IPHLPAPI.DLL
0x00007ffa92290000 - 0x00007ffa92298000 	C:\WINDOWS\System32\NSI.dll
0x00007ffa82820000 - 0x00007ffa82837000 	C:\WINDOWS\SYSTEM32\dhcpcsvc6.DLL
0x00007ffa82920000 - 0x00007ffa8293d000 	C:\WINDOWS\SYSTEM32\dhcpcsvc.DLL
0x00007ffa8f9d0000 - 0x00007ffa8fa9b000 	C:\WINDOWS\SYSTEM32\DNSAPI.dll
0x00007ffa88d60000 - 0x00007ffa88d6b000 	C:\WINDOWS\SYSTEM32\WINNSI.DLL
0x00007ffa683e0000 - 0x00007ffa68404000 	C:\Users\garci\OneDrive\Desktop\Android\jre\jre\bin\sunec.dll
0x00007ffa7f3d0000 - 0x00007ffa7f3da000 	C:\Windows\System32\rasadhlp.dll
0x00007ffa7ed70000 - 0x00007ffa7edef000 	C:\WINDOWS\System32\fwpuclnt.dll
0x00007ffa88a90000 - 0x00007ffa88a9b000 	C:\Users\garci\OneDrive\Desktop\Android\jre\jre\bin\sunmscapi.dll
0x00007ffa90620000 - 0x00007ffa90776000 	C:\WINDOWS\System32\CRYPT32.dll
0x00007ffa8f2d0000 - 0x00007ffa8f303000 	C:\WINDOWS\SYSTEM32\ntmarta.dll

VM Arguments:
jvm_args: -Xmx2048m -Dfile.encoding=UTF-8 -Duser.country=US -Duser.language=en -Duser.variant 
java_command: org.gradle.launcher.daemon.bootstrap.GradleDaemon 6.5
java_class_path (initial): C:\Users\garci\.gradle\wrapper\dists\gradle-6.5-bin\6nifqtx7604sqp1q6g8wikw7p\gradle-6.5\lib\gradle-launcher-6.5.jar
Launcher Type: SUN_STANDARD

Environment Variables:
PATH=C:\Python39\Scripts\;C:\Python39\;C:\WINDOWS\system32;C:\WINDOWS;C:\WINDOWS\System32\Wbem;C:\WINDOWS\System32\WindowsPowerShell\v1.0\;C:\WINDOWS\System32\OpenSSH\;C:\Users\garci\AppData\Local\Microsoft\WindowsApps;C:\Program Files\JetBrains\JetBrains Rider 2020.2.2\bin;;C:\Users\garci\.dotnet\tools;C:\Users\garci\AppData\Local\Programs\Microsoft VS Code\bin;C:\Users\garci\AppData\Local\GitHubDesktop\bin;
USERNAME=garci
OS=Windows_NT
PROCESSOR_IDENTIFIER=Intel64 Family 6 Model 142 Stepping 10, GenuineIntel



---------------  S Y S T E M  ---------------

OS: Windows 10.0 , 64 bit Build 19041 (10.0.19041.804)

CPU:total 4 (initial active 4) (2 cores per cpu, 2 threads per core) family 6 model 142 stepping 10, cmov, cx8, fxsr, mmx, sse, sse2, sse3, ssse3, sse4.1, sse4.2, popcnt, avx, avx2, aes, clmul, erms, 3dnowpref, lzcnt, ht, tsc, tscinvbit, bmi1, bmi2, adx

Memory: 4k page, physical 4097252k(51840k free), swap 16680164k(5960k free)

vm_info: OpenJDK 64-Bit Server VM (25.242-b01) for windows-amd64 JRE (1.8.0_242-release-1644-b01), built by "builder" with MS VC++ 10.0 (VS2010)

time: Mon Mar 08 23:40:39 2021
timezone: Eastern Standard Time
elapsed time: 839 seconds (0d 0h 13m 59s)

